{"subject":"admin","outcome":"success","email":"admin@amigoocuto.com","timestamp":"2025-11-10T01:34:14.801Z"}
{"subject":"admin","outcome":"success","email":"admin@amigoocuto.com","timestamp":"2025-11-10T01:34:14.807Z"}
{"subject":"admin","outcome":"success","email":"admin@amigoocuto.com","timestamp":"2025-11-10T01:34:33.811Z"}
{"subject":"admin","outcome":"success","email":"admin@amigoocuto.com","timestamp":"2025-11-10T01:34:33.836Z"}
{"subject":"admin","outcome":"success","email":"admin@amigoocuto.com","timestamp":"2025-11-10T01:34:33.839Z"}
{"subject":"admin","outcome":"success","email":"admin@amigoocuto.com","timestamp":"2025-11-11T03:13:53.235Z"}
{"subject":"admin","outcome":"success","email":"admin@amigoocuto.com","timestamp":"2025-11-11T03:13:53.300Z"}
{"subject":"admin","outcome":"success","email":"admin@amigoocuto.com","timestamp":"2025-11-11T03:13:53.303Z"}
{"subject":"participant","outcome":"success","email":"killme18181818@gmail.com","timestamp":"2025-11-11T03:19:47.956Z"}
{"subject":"admin","outcome":"success","email":"admin@amigoocuto.com","timestamp":"2025-11-11T03:20:16.160Z"}
{"subject":"admin","outcome":"success","email":"admin@amigoocuto.com","timestamp":"2025-11-11T03:20:16.182Z"}
{"subject":"admin","outcome":"success","email":"admin@amigoocuto.com","timestamp":"2025-11-11T03:20:16.187Z"}
{"subject":"admin","outcome":"success","email":"admin@amigoocuto.com","timestamp":"2025-11-12T03:34:44.458Z"}
{"subject":"admin","outcome":"success","email":"admin@amigoocuto.com","timestamp":"2025-11-12T03:34:44.483Z"}
{"subject":"admin","outcome":"success","email":"admin@amigoocuto.com","timestamp":"2025-11-12T03:34:44.485Z"}
{"subject":"admin","outcome":"success","email":"admin@amigoocuto.com","timestamp":"2025-11-12T03:34:44.487Z"}
{"subject":"admin","outcome":"success","email":"admin@amigoocuto.com","timestamp":"2025-11-12T03:34:44.503Z"}
{"subject":"admin","outcome":"success","email":"admin@amigoocuto.com","timestamp":"2025-11-12T03:34:44.506Z"}
{"subject":"admin","outcome":"success","email":"admin@amigoocuto.com","timestamp":"2025-11-12T03:34:44.508Z"}
{"subject":"admin","outcome":"success","email":"admin@amigoocuto.com","timestamp":"2025-11-12T03:34:44.511Z"}
{"subject":"admin","outcome":"success","email":"admin@amigoocuto.com","timestamp":"2025-11-12T03:34:44.513Z"}
{"subject":"admin","outcome":"success","email":"admin@amigoocuto.com","timestamp":"2025-11-12T03:34:44.515Z"}
{"subject":"participant","outcome":"success","email":"davidhenriqusms18@gmail.com","timestamp":"2025-11-12T03:35:28.230Z"}
{"subject":"admin","outcome":"success","email":"admin@amigoocuto.com","timestamp":"2025-11-12T03:35:37.173Z"}
{"subject":"admin","outcome":"success","email":"admin@amigoocuto.com","timestamp":"2025-11-12T03:35:37.184Z"}
{"subject":"admin","outcome":"success","email":"admin@amigoocuto.com","timestamp":"2025-11-12T03:35:37.190Z"}
{"subject":"admin","outcome":"success","email":"admin@amigoocuto.com","timestamp":"2025-11-12T03:35:37.193Z"}
{"subject":"admin","outcome":"success","email":"admin@amigoocuto.com","timestamp":"2025-11-12T03:35:37.195Z"}
{"subject":"admin","outcome":"success","email":"admin@amigoocuto.com","timestamp":"2025-11-12T03:35:37.197Z"}
{"subject":"admin","outcome":"success","email":"admin@amigoocuto.com","timestamp":"2025-11-12T03:35:37.199Z"}
{"subject":"admin","outcome":"success","email":"admin@amigoocuto.com","timestamp":"2025-11-12T03:35:37.202Z"}
{"subject":"admin","outcome":"success","email":"admin@amigoocuto.com","timestamp":"2025-11-12T03:35:37.206Z"}
{"subject":"admin","outcome":"success","email":"admin@amigoocuto.com","timestamp":"2025-11-12T03:35:37.209Z"}
{"subject":"admin","outcome":"success","email":"admin@amigoocuto.com","timestamp":"2025-11-12T03:35:37.210Z"}
{"subject":"admin","outcome":"success","email":"admin@amigoocuto.com","timestamp":"2025-11-12T03:35:37.213Z"}
{"subject":"admin","outcome":"success","email":"admin@amigoocuto.com","timestamp":"2025-11-12T03:35:37.216Z"}
{"subject":"admin","outcome":"success","email":"admin@amigoocuto.com","timestamp":"2025-11-12T03:35:37.219Z"}
{"subject":"admin","outcome":"success","email":"admin@amigoocuto.com","timestamp":"2025-11-12T03:35:37.221Z"}
{"subject":"admin","outcome":"success","email":"admin@amigoocuto.com","timestamp":"2025-11-12T03:35:37.223Z"}
{"subject":"admin","outcome":"success","email":"admin@amigoocuto.com","timestamp":"2025-11-12T03:54:16.094Z"}
{"subject":"admin","outcome":"success","email":"admin@amigoocuto.com","timestamp":"2025-11-12T03:54:16.116Z"}
{"subject":"admin","outcome":"success","email":"admin@amigoocuto.com","timestamp":"2025-11-12T03:54:16.119Z"}
{"subject":"admin","outcome":"success","email":"admin@amigoocuto.com","timestamp":"2025-11-12T03:54:16.120Z"}
{"subject":"admin","outcome":"success","email":"admin@amigoocuto.com","timestamp":"2025-11-12T03:54:16.135Z"}
{"subject":"admin","outcome":"success","email":"admin@amigoocuto.com","timestamp":"2025-11-12T03:54:16.138Z"}
{"subject":"admin","outcome":"success","email":"admin@amigoocuto.com","timestamp":"2025-11-12T03:54:16.140Z"}
{"subject":"participant","outcome":"success","email":"davidhenriqusms18@gmail.com","timestamp":"2025-11-12T03:54:57.406Z"}
{"subject":"admin","outcome":"success","email":"admin@amigoocuto.com","timestamp":"2025-11-12T03:56:12.773Z"}
{"subject":"admin","outcome":"success","email":"admin@amigoocuto.com","timestamp":"2025-11-12T03:56:12.792Z"}
{"subject":"admin","outcome":"success","email":"admin@amigoocuto.com","timestamp":"2025-11-12T03:56:12.794Z"}
{"subject":"admin","outcome":"success","email":"admin@amigoocuto.com","timestamp":"2025-11-12T03:56:12.796Z"}
{"subject":"admin","outcome":"success","email":"admin@amigoocuto.com","timestamp":"2025-11-12T03:56:12.798Z"}
{"subject":"admin","outcome":"success","email":"admin@amigoocuto.com","timestamp":"2025-11-12T03:56:12.801Z"}
{"subject":"admin","outcome":"success","email":"admin@amigoocuto.com","timestamp":"2025-11-12T03:56:12.803Z"}
{"subject":"admin","outcome":"success","email":"admin@amigoocuto.com","timestamp":"2025-11-12T03:56:12.805Z"}
{"subject":"admin","outcome":"success","email":"admin@amigoocuto.com","timestamp":"2025-11-12T03:56:12.808Z"}
{"subject":"admin","outcome":"success","email":"admin@amigoocuto.com","timestamp":"2025-11-12T03:56:12.809Z"}
{"subject":"admin","outcome":"success","email":"admin@amigoocuto.com","timestamp":"2025-11-12T03:56:12.811Z"}
{"subject":"admin","outcome":"success","email":"admin@amigoocuto.com","timestamp":"2025-11-12T03:56:12.813Z"}
{"subject":"admin","outcome":"success","email":"admin@amigoocuto.com","timestamp":"2025-11-12T03:56:12.815Z"}
{"subject":"participant","outcome":"success","email":"slunasousa2@gmail.com","timestamp":"2025-11-12T03:57:23.689Z"}
{"subject":"admin","outcome":"success","email":"admin@amigoocuto.com","timestamp":"2025-11-12T03:57:59.744Z"}
{"subject":"admin","outcome":"success","email":"admin@amigoocuto.com","timestamp":"2025-11-12T03:57:59.746Z"}
{"subject":"admin","outcome":"success","email":"admin@amigoocuto.com","timestamp":"2025-11-12T03:57:59.747Z"}
{"subject":"admin","outcome":"success","email":"admin@amigoocuto.com","timestamp":"2025-11-12T03:57:59.786Z"}
{"subject":"admin","outcome":"success","email":"admin@amigoocuto.com","timestamp":"2025-11-12T03:57:59.788Z"}
{"subject":"admin","outcome":"success","email":"admin@amigoocuto.com","timestamp":"2025-11-12T03:57:59.791Z"}
{"subject":"admin","outcome":"success","email":"admin@amigoocuto.com","timestamp":"2025-11-12T03:58:10.752Z"}
{"subject":"admin","outcome":"success","email":"admin@amigoocuto.com","timestamp":"2025-11-12T03:58:10.754Z"}
{"subject":"admin","outcome":"success","email":"admin@amigoocuto.com","timestamp":"2025-11-12T03:58:10.757Z"}
{"subject":"admin","outcome":"success","email":"admin@amigoocuto.com","timestamp":"2025-11-12T03:58:10.770Z"}
{"subject":"admin","outcome":"success","email":"admin@amigoocuto.com","timestamp":"2025-11-12T03:58:10.772Z"}
{"subject":"admin","outcome":"success","email":"admin@amigoocuto.com","timestamp":"2025-11-12T03:58:10.773Z"}
{"subject":"admin","outcome":"success","email":"admin@amigoocuto.com","timestamp":"2025-11-12T03:58:18.828Z"}
{"subject":"admin","outcome":"success","email":"admin@amigoocuto.com","timestamp":"2025-11-12T03:58:18.831Z"}
{"subject":"admin","outcome":"success","email":"admin@amigoocuto.com","timestamp":"2025-11-12T03:58:18.833Z"}
{"subject":"admin","outcome":"success","email":"admin@amigoocuto.com","timestamp":"2025-11-12T03:58:18.845Z"}
{"subject":"admin","outcome":"success","email":"admin@amigoocuto.com","timestamp":"2025-11-12T03:58:18.847Z"}
{"subject":"admin","outcome":"success","email":"admin@amigoocuto.com","timestamp":"2025-11-12T03:58:18.849Z"}
{"subject":"admin","outcome":"success","email":"admin@amigoocuto.com","timestamp":"2025-11-12T03:58:19.364Z"}
{"subject":"admin","outcome":"success","email":"admin@amigoocuto.com","timestamp":"2025-11-12T03:58:19.366Z"}
{"subject":"admin","outcome":"success","email":"admin@amigoocuto.com","timestamp":"2025-11-12T03:58:19.367Z"}
{"subject":"admin","outcome":"success","email":"admin@amigoocuto.com","timestamp":"2025-11-12T03:58:19.379Z"}
{"subject":"admin","outcome":"success","email":"admin@amigoocuto.com","timestamp":"2025-11-12T03:58:19.381Z"}
{"subject":"admin","outcome":"success","email":"admin@amigoocuto.com","timestamp":"2025-11-12T03:58:19.384Z"}
{"subject":"admin","outcome":"success","email":"admin@amigoocuto.com","timestamp":"2025-11-12T03:58:42.853Z"}
{"subject":"admin","outcome":"success","email":"admin@amigoocuto.com","timestamp":"2025-11-12T03:58:42.872Z"}
{"subject":"admin","outcome":"success","email":"admin@amigoocuto.com","timestamp":"2025-11-12T03:58:42.875Z"}
{"subject":"admin","outcome":"success","email":"admin@amigoocuto.com","timestamp":"2025-11-12T03:58:42.877Z"}
{"subject":"admin","outcome":"success","email":"admin@amigoocuto.com","timestamp":"2025-11-12T04:00:19.059Z"}
{"subject":"admin","outcome":"success","email":"admin@amigoocuto.com","timestamp":"2025-11-12T04:00:19.130Z"}
{"subject":"admin","outcome":"success","email":"admin@amigoocuto.com","timestamp":"2025-11-12T04:00:19.133Z"}
{"subject":"admin","outcome":"success","email":"admin@amigoocuto.com","timestamp":"2025-11-12T04:00:19.135Z"}
{"subject":"admin","outcome":"success","email":"admin@amigoocuto.com","timestamp":"2025-11-12T04:00:19.139Z"}
{"subject":"admin","outcome":"success","email":"admin@amigoocuto.com","timestamp":"2025-11-12T04:00:19.142Z"}
{"subject":"admin","outcome":"success","email":"admin@amigoocuto.com","timestamp":"2025-11-12T04:00:19.144Z"}
{"subject":"admin","outcome":"success","email":"admin@amigoocuto.com","timestamp":"2025-11-12T04:00:19.147Z"}
{"subject":"admin","outcome":"success","email":"admin@amigoocuto.com","timestamp":"2025-11-12T04:00:19.150Z"}
{"subject":"admin","outcome":"success","email":"admin@amigoocuto.com","timestamp":"2025-11-12T04:00:19.153Z"}
{"subject":"admin","outcome":"success","email":"admin@amigoocuto.com","timestamp":"2025-11-12T04:00:19.155Z"}
{"subject":"admin","outcome":"success","email":"admin@amigoocuto.com","timestamp":"2025-11-12T04:00:19.158Z"}
{"subject":"admin","outcome":"success","email":"admin@amigoocuto.com","timestamp":"2025-11-12T04:00:19.159Z"}
{"subject":"participant","outcome":"success","email":"davidhenriqusms18@gmail.com","timestamp":"2025-11-12T04:02:09.266Z"}
{"subject":"participant","outcome":"success","email":"slunasousa2@gmail.com","timestamp":"2025-11-12T04:05:17.097Z"}
{"subject":"admin","outcome":"success","email":"admin@amigoocuto.com","timestamp":"2025-11-12T04:06:14.495Z"}
{"subject":"admin","outcome":"success","email":"admin@amigoocuto.com","timestamp":"2025-11-12T04:06:14.518Z"}
{"subject":"admin","outcome":"success","email":"admin@amigoocuto.com","timestamp":"2025-11-12T04:06:14.520Z"}
{"subject":"admin","outcome":"success","email":"admin@amigoocuto.com","timestamp":"2025-11-12T04:06:14.523Z"}
{"subject":"admin","outcome":"success","email":"admin@amigoocuto.com","timestamp":"2025-11-12T04:06:14.525Z"}
{"subject":"admin","outcome":"success","email":"admin@amigoocuto.com","timestamp":"2025-11-12T04:06:14.527Z"}
{"subject":"admin","outcome":"success","email":"admin@amigoocuto.com","timestamp":"2025-11-12T04:06:14.529Z"}
{"subject":"admin","outcome":"success","email":"admin@amigoocuto.com","timestamp":"2025-11-12T04:06:14.531Z"}
{"subject":"admin","outcome":"success","email":"admin@amigoocuto.com","timestamp":"2025-11-12T04:06:14.532Z"}
{"subject":"admin","outcome":"success","email":"admin@amigoocuto.com","timestamp":"2025-11-12T04:06:14.534Z"}
{"subject":"admin","outcome":"success","email":"admin@amigoocuto.com","timestamp":"2025-11-12T04:06:14.537Z"}
{"subject":"admin","outcome":"success","email":"admin@amigoocuto.com","timestamp":"2025-11-12T04:06:14.543Z"}
{"subject":"admin","outcome":"success","email":"admin@amigoocuto.com","timestamp":"2025-11-12T04:06:14.546Z"}
{"subject":"participant","outcome":"success","email":"scoringa289@gmail.com","timestamp":"2025-11-14T00:12:54.058Z"}
{"subject":"admin","outcome":"success","email":"admin@amigoocuto.com","timestamp":"2025-11-14T00:56:22.286Z"}
{"subject":"admin","outcome":"success","email":"admin@amigoocuto.com","timestamp":"2025-11-14T01:55:01.261Z"}
{"subject":"admin","outcome":"success","email":"admin@amigoocuto.com","timestamp":"2025-11-14T01:55:01.319Z"}
{"subject":"admin","outcome":"success","email":"admin@amigoocuto.com","timestamp":"2025-11-14T01:55:01.323Z"}
{"subject":"admin","outcome":"success","email":"admin@amigoocuto.com","timestamp":"2025-11-14T01:55:01.326Z"}
{"subject":"admin","outcome":"success","email":"admin@amigoocuto.com","timestamp":"2025-11-14T01:55:01.329Z"}
{"subject":"admin","outcome":"success","email":"admin@amigoocuto.com","timestamp":"2025-11-14T01:55:01.331Z"}
{"subject":"admin","outcome":"success","email":"admin@amigoocuto.com","timestamp":"2025-11-14T01:55:01.333Z"}
{"subject":"admin","outcome":"success","email":"admin@amigoocuto.com","timestamp":"2025-11-14T01:55:01.335Z"}
{"subject":"admin","outcome":"success","email":"admin@amigoocuto.com","timestamp":"2025-11-14T01:55:01.338Z"}
{"subject":"admin","outcome":"success","email":"admin@amigoocuto.com","timestamp":"2025-11-14T01:55:01.341Z"}
{"subject":"admin","outcome":"success","email":"admin@amigoocuto.com","timestamp":"2025-11-14T01:55:01.343Z"}
{"subject":"admin","outcome":"success","email":"admin@amigoocuto.com","timestamp":"2025-11-14T01:55:01.345Z"}
{"subject":"admin","outcome":"success","email":"admin@amigoocuto.com","timestamp":"2025-11-14T01:55:01.347Z"}
{"subject":"participant","outcome":"success","email":"davidhenriqusms18@gmail.com","timestamp":"2025-11-14T02:02:02.354Z"}
{"subject":"admin","outcome":"success","email":"admin@amigoocuto.com","timestamp":"2025-11-14T02:32:01.109Z"}
{"subject":"admin","outcome":"success","email":"admin@amigoocuto.com","timestamp":"2025-11-14T02:32:01.161Z"}
{"subject":"admin","outcome":"success","email":"admin@amigoocuto.com","timestamp":"2025-11-14T02:32:01.163Z"}
{"subject":"admin","outcome":"success","email":"admin@amigoocuto.com","timestamp":"2025-11-14T02:32:01.165Z"}
{"subject":"admin","outcome":"success","email":"admin@amigoocuto.com","timestamp":"2025-11-14T02:32:01.170Z"}
{"subject":"admin","outcome":"success","email":"admin@amigoocuto.com","timestamp":"2025-11-14T02:32:01.172Z"}
{"subject":"admin","outcome":"success","email":"admin@amigoocuto.com","timestamp":"2025-11-14T02:32:01.174Z"}
{"subject":"admin","outcome":"success","email":"admin@amigoocuto.com","timestamp":"2025-11-14T02:32:01.176Z"}
{"subject":"admin","outcome":"success","email":"admin@amigoocuto.com","timestamp":"2025-11-14T02:32:01.178Z"}
{"subject":"admin","outcome":"success","email":"admin@amigoocuto.com","timestamp":"2025-11-14T02:32:01.181Z"}
{"subject":"admin","outcome":"success","email":"admin@amigoocuto.com","timestamp":"2025-11-14T02:59:23.743Z"}
{"subject":"admin","outcome":"success","email":"admin@amigoocuto.com","timestamp":"2025-11-14T02:59:23.765Z"}
{"subject":"admin","outcome":"success","email":"admin@amigoocuto.com","timestamp":"2025-11-14T02:59:23.767Z"}
{"subject":"admin","outcome":"success","email":"admin@amigoocuto.com","timestamp":"2025-11-14T02:59:23.769Z"}
{"subject":"admin","outcome":"success","email":"admin@amigoocuto.com","timestamp":"2025-11-14T02:59:23.785Z"}
{"subject":"admin","outcome":"success","email":"admin@amigoocuto.com","timestamp":"2025-11-14T02:59:23.789Z"}
{"subject":"admin","outcome":"success","email":"admin@amigoocuto.com","timestamp":"2025-11-14T02:59:23.791Z"}
{"subject":"admin","outcome":"success","email":"admin@amigoocuto.com","timestamp":"2025-11-14T03:02:41.552Z"}
{"subject":"admin","outcome":"success","email":"admin@amigoocuto.com","timestamp":"2025-11-14T03:02:41.559Z"}
{"subject":"admin","outcome":"success","email":"admin@amigoocuto.com","timestamp":"2025-11-14T03:02:41.563Z"}
{"subject":"admin","outcome":"success","email":"admin@amigoocuto.com","timestamp":"2025-11-14T03:02:41.606Z"}
{"subject":"admin","outcome":"success","email":"admin@amigoocuto.com","timestamp":"2025-11-14T03:02:41.608Z"}
{"subject":"admin","outcome":"success","email":"admin@amigoocuto.com","timestamp":"2025-11-14T03:02:41.610Z"}
{"subject":"admin","outcome":"success","email":"admin@amigoocuto.com","timestamp":"2025-11-14T03:02:41.668Z"}
{"subject":"admin","outcome":"success","email":"admin@amigoocuto.com","timestamp":"2025-11-14T03:02:41.672Z"}
{"subject":"admin","outcome":"success","email":"admin@amigoocuto.com","timestamp":"2025-11-14T03:02:41.676Z"}
{"subject":"admin","outcome":"success","email":"admin@amigoocuto.com","timestamp":"2025-11-15T00:02:27.512Z"}
{"subject":"admin","outcome":"success","email":"admin@amigoocuto.com","timestamp":"2025-11-15T00:02:27.571Z"}
{"subject":"admin","outcome":"success","email":"admin@amigoocuto.com","timestamp":"2025-11-15T00:02:27.574Z"}
{"subject":"admin","outcome":"success","email":"admin@amigoocuto.com","timestamp":"2025-11-15T00:02:27.577Z"}
{"subject":"admin","outcome":"success","email":"admin@amigoocuto.com","timestamp":"2025-11-15T00:02:27.579Z"}
{"subject":"admin","outcome":"success","email":"admin@amigoocuto.com","timestamp":"2025-11-15T00:02:27.583Z"}
{"subject":"admin","outcome":"success","email":"admin@amigoocuto.com","timestamp":"2025-11-15T00:02:27.586Z"}
{"subject":"admin","outcome":"success","email":"admin@amigoocuto.com","timestamp":"2025-11-15T00:02:27.589Z"}
{"subject":"admin","outcome":"success","email":"admin@amigoocuto.com","timestamp":"2025-11-15T00:02:27.591Z"}
{"subject":"admin","outcome":"success","email":"admin@amigoocuto.com","timestamp":"2025-11-15T00:02:27.594Z"}
{"subject":"admin","outcome":"success","email":"admin@amigoocuto.com","timestamp":"2025-11-15T00:02:27.597Z"}
{"subject":"admin","outcome":"success","email":"admin@amigoocuto.com","timestamp":"2025-11-15T00:02:27.600Z"}
{"subject":"admin","outcome":"success","email":"admin@amigoocuto.com","timestamp":"2025-11-15T00:02:27.602Z"}
{"subject":"admin","outcome":"failure","reason":"invalid_token","timestamp":"2025-11-15T00:04:33.218Z"}
{"subject":"admin","outcome":"success","email":"admin@amigoocuto.com","timestamp":"2025-11-15T00:04:57.292Z"}
{"subject":"admin","outcome":"success","email":"admin@amigoocuto.com","timestamp":"2025-11-15T00:05:03.940Z"}
{"subject":"admin","outcome":"success","email":"admin@amigoocuto.com","timestamp":"2025-11-15T00:05:10.983Z"}
{"subject":"admin","outcome":"success","email":"admin@amigoocuto.com","timestamp":"2025-11-15T00:05:32.151Z"}
{"subject":"admin","outcome":"success","email":"admin@amigoocuto.com","timestamp":"2025-11-15T00:05:54.890Z"}
{"subject":"admin","outcome":"success","email":"admin@amigoocuto.com","timestamp":"2025-11-15T00:06:12.440Z"}
{"subject":"admin","outcome":"success","email":"admin@amigoocuto.com","timestamp":"2025-11-15T00:06:42.132Z"}
{"subject":"admin","outcome":"success","email":"admin@amigoocuto.com","timestamp":"2025-11-15T00:07:23.603Z"}
{"subject":"admin","outcome":"success","email":"admin@amigoocuto.com","timestamp":"2025-11-15T00:32:54.060Z"}
{"subject":"admin","outcome":"success","email":"admin@amigoocuto.com","timestamp":"2025-11-15T00:32:54.106Z"}
{"subject":"admin","outcome":"success","email":"admin@amigoocuto.com","timestamp":"2025-11-15T00:32:54.109Z"}
{"subject":"admin","outcome":"success","email":"admin@amigoocuto.com","timestamp":"2025-11-15T00:32:54.112Z"}
{"subject":"admin","outcome":"success","email":"admin@amigoocuto.com","timestamp":"2025-11-15T00:32:54.115Z"}
{"subject":"admin","outcome":"success","email":"admin@amigoocuto.com","timestamp":"2025-11-15T00:32:54.117Z"}
{"subject":"admin","outcome":"success","email":"admin@amigoocuto.com","timestamp":"2025-11-15T00:32:54.120Z"}
{"subject":"admin","outcome":"success","email":"admin@amigoocuto.com","timestamp":"2025-11-15T00:32:54.123Z"}
{"subject":"admin","outcome":"success","email":"admin@amigoocuto.com","timestamp":"2025-11-15T00:32:54.125Z"}
{"subject":"admin","outcome":"success","email":"admin@amigoocuto.com","timestamp":"2025-11-15T00:32:54.128Z"}
{"subject":"admin","outcome":"success","email":"admin@amigoocuto.com","timestamp":"2025-11-15T00:32:54.130Z"}
{"subject":"admin","outcome":"success","email":"admin@amigoocuto.com","timestamp":"2025-11-15T00:32:54.133Z"}
{"subject":"admin","outcome":"success","email":"admin@amigoocuto.com","timestamp":"2025-11-15T00:32:54.135Z"}
{"subject":"admin","outcome":"success","email":"admin@amigoocuto.com","timestamp":"2025-11-15T00:40:15.962Z"}
{"subject":"admin","outcome":"success","email":"admin@amigoocuto.com","timestamp":"2025-11-15T00:40:15.984Z"}
{"subject":"admin","outcome":"success","email":"admin@amigoocuto.com","timestamp":"2025-11-15T00:40:15.986Z"}
{"subject":"admin","outcome":"success","email":"admin@amigoocuto.com","timestamp":"2025-11-15T00:40:15.989Z"}
{"subject":"admin","outcome":"success","email":"admin@amigoocuto.com","timestamp":"2025-11-15T00:40:16.003Z"}
{"subject":"admin","outcome":"success","email":"admin@amigoocuto.com","timestamp":"2025-11-15T00:40:16.005Z"}
{"subject":"admin","outcome":"success","email":"admin@amigoocuto.com","timestamp":"2025-11-15T00:40:16.007Z"}
{"subject":"admin","outcome":"success","email":"admin@amigoocuto.com","timestamp":"2025-11-15T01:56:12.371Z"}
{"subject":"admin","outcome":"success","email":"admin@amigoocuto.com","timestamp":"2025-11-15T01:56:12.395Z"}
{"subject":"admin","outcome":"success","email":"admin@amigoocuto.com","timestamp":"2025-11-15T01:56:12.398Z"}
{"subject":"admin","outcome":"success","email":"admin@amigoocuto.com","timestamp":"2025-11-15T01:56:12.401Z"}
{"subject":"admin","outcome":"success","email":"admin@amigoocuto.com","timestamp":"2025-11-15T01:56:12.419Z"}
{"subject":"admin","outcome":"success","email":"admin@amigoocuto.com","timestamp":"2025-11-15T01:56:12.421Z"}
{"subject":"admin","outcome":"success","email":"admin@amigoocuto.com","timestamp":"2025-11-15T01:56:12.424Z"}
{"subject":"admin","outcome":"success","email":"admin@amigoocuto.com","timestamp":"2025-11-15T02:07:17.581Z"}
{"subject":"admin","outcome":"success","email":"admin@amigoocuto.com","timestamp":"2025-11-15T02:07:17.605Z"}
{"subject":"admin","outcome":"success","email":"admin@amigoocuto.com","timestamp":"2025-11-15T02:07:17.607Z"}
{"subject":"admin","outcome":"success","email":"admin@amigoocuto.com","timestamp":"2025-11-15T02:07:17.609Z"}
{"subject":"admin","outcome":"success","email":"admin@amigoocuto.com","timestamp":"2025-11-15T02:07:17.627Z"}
{"subject":"admin","outcome":"success","email":"admin@amigoocuto.com","timestamp":"2025-11-15T02:07:17.629Z"}
{"subject":"admin","outcome":"success","email":"admin@amigoocuto.com","timestamp":"2025-11-15T02:07:17.631Z"}
{"subject":"admin","outcome":"success","email":"admin@amigoocuto.com","timestamp":"2025-11-16T02:46:37.221Z"}
{"subject":"admin","outcome":"success","email":"admin@amigoocuto.com","timestamp":"2025-11-16T02:46:37.247Z"}
{"subject":"admin","outcome":"success","email":"admin@amigoocuto.com","timestamp":"2025-11-16T02:46:37.250Z"}
{"subject":"admin","outcome":"success","email":"admin@amigoocuto.com","timestamp":"2025-11-16T02:46:37.253Z"}
{"subject":"admin","outcome":"success","email":"admin@amigoocuto.com","timestamp":"2025-11-16T02:46:37.290Z"}
{"subject":"admin","outcome":"success","email":"admin@amigoocuto.com","timestamp":"2025-11-16T02:46:37.292Z"}
{"subject":"admin","outcome":"success","email":"admin@amigoocuto.com","timestamp":"2025-11-16T02:46:37.294Z"}
{"subject":"admin","outcome":"success","email":"admin@amigoocuto.com","timestamp":"2025-11-16T02:58:07.381Z"}
{"subject":"admin","outcome":"success","email":"admin@amigoocuto.com","timestamp":"2025-11-16T02:58:07.383Z"}
{"subject":"admin","outcome":"success","email":"admin@amigoocuto.com","timestamp":"2025-11-16T02:58:07.385Z"}
{"subject":"admin","outcome":"success","email":"admin@amigoocuto.com","timestamp":"2025-11-16T02:58:07.431Z"}
{"subject":"admin","outcome":"success","email":"admin@amigoocuto.com","timestamp":"2025-11-16T02:58:07.433Z"}
{"subject":"admin","outcome":"success","email":"admin@amigoocuto.com","timestamp":"2025-11-16T02:58:07.434Z"}
{"subject":"admin","outcome":"success","email":"admin@amigoocuto.com","timestamp":"2025-11-16T03:02:02.610Z"}
{"subject":"admin","outcome":"success","email":"admin@amigoocuto.com","timestamp":"2025-11-16T03:02:02.638Z"}
{"subject":"admin","outcome":"success","email":"admin@amigoocuto.com","timestamp":"2025-11-16T03:02:02.640Z"}
{"subject":"admin","outcome":"success","email":"admin@amigoocuto.com","timestamp":"2025-11-16T03:02:02.641Z"}
{"subject":"admin","outcome":"success","email":"admin@amigoocuto.com","timestamp":"2025-11-16T03:02:02.657Z"}
{"subject":"admin","outcome":"success","email":"admin@amigoocuto.com","timestamp":"2025-11-16T03:02:02.658Z"}
{"subject":"admin","outcome":"success","email":"admin@amigoocuto.com","timestamp":"2025-11-16T03:02:02.660Z"}
{"subject":"admin","outcome":"success","email":"admin@amigoocuto.com","timestamp":"2025-11-16T03:03:49.111Z"}
{"subject":"admin","outcome":"success","email":"admin@amigoocuto.com","timestamp":"2025-11-16T03:03:49.122Z"}
{"subject":"admin","outcome":"success","email":"admin@amigoocuto.com","timestamp":"2025-11-16T03:03:49.124Z"}
{"subject":"admin","outcome":"success","email":"admin@amigoocuto.com","timestamp":"2025-11-16T03:03:49.126Z"}
{"subject":"admin","outcome":"success","email":"admin@amigoocuto.com","timestamp":"2025-11-16T03:03:49.128Z"}
{"subject":"admin","outcome":"success","email":"admin@amigoocuto.com","timestamp":"2025-11-16T03:03:49.130Z"}
{"subject":"admin","outcome":"success","email":"admin@amigoocuto.com","timestamp":"2025-11-16T03:03:49.131Z"}
{"subject":"admin","outcome":"success","email":"admin@amigoocuto.com","timestamp":"2025-11-16T03:03:49.133Z"}
{"subject":"admin","outcome":"success","email":"admin@amigoocuto.com","timestamp":"2025-11-16T03:03:49.136Z"}
{"subject":"admin","outcome":"success","email":"admin@amigoocuto.com","timestamp":"2025-11-16T03:03:49.138Z"}
{"subject":"admin","outcome":"success","email":"admin@amigoocuto.com","timestamp":"2025-11-16T03:03:49.141Z"}
{"subject":"admin","outcome":"success","email":"admin@amigoocuto.com","timestamp":"2025-11-16T03:03:49.143Z"}
{"subject":"admin","outcome":"success","email":"admin@amigoocuto.com","timestamp":"2025-11-16T03:03:49.145Z"}
{"subject":"admin","outcome":"success","email":"admin@amigoocuto.com","timestamp":"2025-11-16T16:05:42.046Z"}
{"subject":"admin","outcome":"success","email":"admin@amigoocuto.com","timestamp":"2025-11-16T16:05:42.071Z"}
{"subject":"admin","outcome":"success","email":"admin@amigoocuto.com","timestamp":"2025-11-16T16:05:42.073Z"}
{"subject":"admin","outcome":"success","email":"admin@amigoocuto.com","timestamp":"2025-11-16T16:05:42.074Z"}
{"subject":"admin","outcome":"success","email":"admin@amigoocuto.com","timestamp":"2025-11-16T16:05:42.089Z"}
{"subject":"admin","outcome":"success","email":"admin@amigoocuto.com","timestamp":"2025-11-16T16:05:42.093Z"}
{"subject":"admin","outcome":"success","email":"admin@amigoocuto.com","timestamp":"2025-11-16T16:05:42.095Z"}
{"subject":"participant","outcome":"success","email":"alinetsouza3@gmail.com","timestamp":"2025-11-16T16:46:58.947Z"}
{"subject":"participant","outcome":"success","email":"asaudesp@gmail.com","timestamp":"2025-11-16T17:00:58.975Z"}
{"subject":"participant","outcome":"success","email":"rayssaralph249@gmail.com","timestamp":"2025-11-16T17:31:53.651Z"}
{"subject":"participant","outcome":"failure","email":"cledson40bl@gmail.com","reason":"Código inválido. Confira o e-mail enviado.","timestamp":"2025-11-16T18:24:12.130Z"}
{"subject":"participant","outcome":"failure","email":"cledson40bl@gmail.com","reason":"Código inválido. Confira o e-mail enviado.","timestamp":"2025-11-16T18:24:16.075Z"}
{"subject":"participant","outcome":"failure","email":"cledson40bl@gmail.com","reason":"Código inválido. Confira o e-mail enviado.","timestamp":"2025-11-16T18:24:59.276Z"}
{"subject":"admin","outcome":"failure","reason":"token_expired","timestamp":"2025-11-17T02:37:11.809Z"}
{"subject":"admin","outcome":"failure","reason":"token_expired","timestamp":"2025-11-17T02:37:11.812Z"}
{"subject":"admin","outcome":"failure","reason":"token_expired","timestamp":"2025-11-17T02:37:11.813Z"}
{"subject":"admin","outcome":"failure","reason":"token_expired","timestamp":"2025-11-17T02:37:11.840Z"}
{"subject":"admin","outcome":"failure","reason":"token_expired","timestamp":"2025-11-17T02:37:11.843Z"}
{"subject":"admin","outcome":"failure","reason":"token_expired","timestamp":"2025-11-17T02:37:11.846Z"}
{"subject":"admin","outcome":"failure","reason":"token_expired","timestamp":"2025-11-17T02:37:11.859Z"}
{"subject":"admin","outcome":"failure","reason":"token_expired","timestamp":"2025-11-17T02:37:11.862Z"}
{"subject":"admin","outcome":"failure","reason":"token_expired","timestamp":"2025-11-17T02:37:11.864Z"}
{"subject":"admin","outcome":"success","email":"admin@amigoocuto.com","timestamp":"2025-11-17T23:49:57.591Z"}
{"subject":"admin","outcome":"success","email":"admin@amigoocuto.com","timestamp":"2025-11-17T23:49:57.618Z"}
{"subject":"admin","outcome":"success","email":"admin@amigoocuto.com","timestamp":"2025-11-17T23:49:57.620Z"}
{"subject":"admin","outcome":"success","email":"admin@amigoocuto.com","timestamp":"2025-11-17T23:49:57.622Z"}
{"subject":"admin","outcome":"success","email":"admin@amigoocuto.com","timestamp":"2025-11-17T23:49:57.641Z"}
{"subject":"admin","outcome":"success","email":"admin@amigoocuto.com","timestamp":"2025-11-17T23:49:57.643Z"}
{"subject":"admin","outcome":"success","email":"admin@amigoocuto.com","timestamp":"2025-11-17T23:49:57.645Z"}
{"subject":"admin","outcome":"success","email":"admin@amigoocuto.com","timestamp":"2025-11-18T00:35:54.029Z"}
{"subject":"admin","outcome":"success","email":"admin@amigoocuto.com","timestamp":"2025-11-18T00:35:54.043Z"}
{"subject":"admin","outcome":"success","email":"admin@amigoocuto.com","timestamp":"2025-11-18T00:35:54.045Z"}
{"subject":"admin","outcome":"success","email":"admin@amigoocuto.com","timestamp":"2025-11-18T00:35:54.048Z"}
{"subject":"admin","outcome":"success","email":"admin@amigoocuto.com","timestamp":"2025-11-18T00:35:54.051Z"}
{"subject":"admin","outcome":"success","email":"admin@amigoocuto.com","timestamp":"2025-11-18T00:35:54.052Z"}
{"subject":"admin","outcome":"success","email":"admin@amigoocuto.com","timestamp":"2025-11-18T00:35:54.057Z"}
{"subject":"admin","outcome":"success","email":"admin@amigoocuto.com","timestamp":"2025-11-18T00:35:54.059Z"}
{"subject":"admin","outcome":"success","email":"admin@amigoocuto.com","timestamp":"2025-11-18T00:35:54.063Z"}
{"subject":"admin","outcome":"success","email":"admin@amigoocuto.com","timestamp":"2025-11-18T00:35:54.065Z"}
{"subject":"admin","outcome":"success","email":"admin@amigoocuto.com","timestamp":"2025-11-18T00:35:54.068Z"}
{"subject":"admin","outcome":"success","email":"admin@amigoocuto.com","timestamp":"2025-11-18T00:35:54.070Z"}
{"subject":"admin","outcome":"success","email":"admin@amigoocuto.com","timestamp":"2025-11-18T00:35:54.073Z"}
{"subject":"admin","outcome":"success","email":"admin@amigoocuto.com","timestamp":"2025-11-18T02:09:47.005Z"}
{"subject":"admin","outcome":"success","email":"admin@amigoocuto.com","timestamp":"2025-11-18T02:09:47.011Z"}
{"subject":"admin","outcome":"success","email":"admin@amigoocuto.com","timestamp":"2025-11-18T02:09:47.017Z"}
{"subject":"admin","outcome":"success","email":"admin@amigoocuto.com","timestamp":"2025-11-18T02:09:47.029Z"}
{"subject":"admin","outcome":"success","email":"admin@amigoocuto.com","timestamp":"2025-11-18T02:09:47.033Z"}
{"subject":"admin","outcome":"success","email":"admin@amigoocuto.com","timestamp":"2025-11-18T02:09:47.035Z"}
{"subject":"admin","outcome":"success","email":"admin@amigoocuto.com","timestamp":"2025-11-18T02:09:47.106Z"}
{"subject":"admin","outcome":"success","email":"admin@amigoocuto.com","timestamp":"2025-11-18T02:09:47.108Z"}
{"subject":"admin","outcome":"success","email":"admin@amigoocuto.com","timestamp":"2025-11-18T02:09:47.110Z"}
{"subject":"participant","outcome":"failure","email":"mamudmargios2021@gmail.com","reason":"Esta inscrição já foi confirmada anteriormente.","timestamp":"2025-11-18T02:26:16.739Z"}
{"subject":"participant","outcome":"success","email":"mamudmargios2021@gmail.com","timestamp":"2025-11-18T02:26:41.660Z"}
{"subject":"admin","outcome":"success","email":"admin@amigoocuto.com","timestamp":"2025-11-18T02:28:59.702Z"}
{"subject":"admin","outcome":"success","email":"admin@amigoocuto.com","timestamp":"2025-11-18T02:28:59.724Z"}
{"subject":"admin","outcome":"success","email":"admin@amigoocuto.com","timestamp":"2025-11-18T02:28:59.726Z"}
{"subject":"admin","outcome":"success","email":"admin@amigoocuto.com","timestamp":"2025-11-18T02:28:59.728Z"}
{"subject":"admin","outcome":"success","email":"admin@amigoocuto.com","timestamp":"2025-11-18T02:28:59.743Z"}
{"subject":"admin","outcome":"success","email":"admin@amigoocuto.com","timestamp":"2025-11-18T02:28:59.746Z"}
{"subject":"admin","outcome":"success","email":"admin@amigoocuto.com","timestamp":"2025-11-18T02:28:59.748Z"}
{"subject":"admin","outcome":"success","email":"admin@amigoocuto.com","timestamp":"2025-11-18T02:34:43.163Z"}
{"subject":"admin","outcome":"success","email":"admin@amigoocuto.com","timestamp":"2025-11-18T02:34:43.203Z"}
{"subject":"admin","outcome":"success","email":"admin@amigoocuto.com","timestamp":"2025-11-18T02:34:43.206Z"}
{"subject":"admin","outcome":"success","email":"admin@amigoocuto.com","timestamp":"2025-11-18T02:34:43.210Z"}
{"subject":"admin","outcome":"success","email":"admin@amigoocuto.com","timestamp":"2025-11-18T02:34:43.214Z"}
{"subject":"admin","outcome":"success","email":"admin@amigoocuto.com","timestamp":"2025-11-18T02:34:43.217Z"}
{"subject":"admin","outcome":"success","email":"admin@amigoocuto.com","timestamp":"2025-11-18T02:34:43.226Z"}
{"subject":"admin","outcome":"success","email":"admin@amigoocuto.com","timestamp":"2025-11-18T02:34:43.229Z"}
{"subject":"admin","outcome":"success","email":"admin@amigoocuto.com","timestamp":"2025-11-18T02:34:43.231Z"}
{"subject":"admin","outcome":"success","email":"admin@amigoocuto.com","timestamp":"2025-11-18T02:34:43.235Z"}
{"subject":"admin","outcome":"success","email":"admin@amigoocuto.com","timestamp":"2025-11-18T02:34:43.238Z"}
{"subject":"admin","outcome":"success","email":"admin@amigoocuto.com","timestamp":"2025-11-18T02:34:43.240Z"}
{"subject":"admin","outcome":"success","email":"admin@amigoocuto.com","timestamp":"2025-11-18T02:34:43.242Z"}
{"subject":"admin","outcome":"success","email":"admin@amigoocuto.com","timestamp":"2025-11-18T02:36:58.219Z"}
{"subject":"admin","outcome":"success","email":"admin@amigoocuto.com","timestamp":"2025-11-18T02:36:58.223Z"}
{"subject":"admin","outcome":"success","email":"admin@amigoocuto.com","timestamp":"2025-11-18T02:36:58.225Z"}
{"subject":"admin","outcome":"success","email":"admin@amigoocuto.com","timestamp":"2025-11-18T02:36:58.228Z"}
{"subject":"admin","outcome":"success","email":"admin@amigoocuto.com","timestamp":"2025-11-18T02:36:58.230Z"}
{"subject":"admin","outcome":"success","email":"admin@amigoocuto.com","timestamp":"2025-11-18T02:36:58.236Z"}
{"subject":"admin","outcome":"success","email":"admin@amigoocuto.com","timestamp":"2025-11-18T02:36:58.239Z"}
{"subject":"admin","outcome":"success","email":"admin@amigoocuto.com","timestamp":"2025-11-18T02:36:58.241Z"}
{"subject":"admin","outcome":"success","email":"admin@amigoocuto.com","timestamp":"2025-11-18T02:36:58.245Z"}
{"subject":"admin","outcome":"success","email":"admin@amigoocuto.com","timestamp":"2025-11-18T02:38:03.638Z"}
{"subject":"admin","outcome":"success","email":"admin@amigoocuto.com","timestamp":"2025-11-18T02:38:03.641Z"}
{"subject":"admin","outcome":"success","email":"admin@amigoocuto.com","timestamp":"2025-11-18T02:38:03.643Z"}
{"subject":"admin","outcome":"success","email":"admin@amigoocuto.com","timestamp":"2025-11-18T02:38:03.649Z"}
{"subject":"admin","outcome":"success","email":"admin@amigoocuto.com","timestamp":"2025-11-18T02:38:03.653Z"}
{"subject":"admin","outcome":"success","email":"admin@amigoocuto.com","timestamp":"2025-11-18T02:38:03.655Z"}
{"subject":"admin","outcome":"success","email":"admin@amigoocuto.com","timestamp":"2025-11-18T02:38:03.658Z"}
{"subject":"admin","outcome":"success","email":"admin@amigoocuto.com","timestamp":"2025-11-18T02:38:03.661Z"}
{"subject":"admin","outcome":"success","email":"admin@amigoocuto.com","timestamp":"2025-11-18T02:38:03.664Z"}
{"subject":"admin","outcome":"success","email":"admin@amigoocuto.com","timestamp":"2025-11-18T02:38:03.666Z"}
{"subject":"admin","outcome":"success","email":"admin@amigoocuto.com","timestamp":"2025-11-18T02:38:03.669Z"}
{"subject":"admin","outcome":"success","email":"admin@amigoocuto.com","timestamp":"2025-11-18T02:38:03.670Z"}
{"subject":"admin","outcome":"success","email":"admin@amigoocuto.com","timestamp":"2025-11-18T02:38:03.672Z"}
{"subject":"admin","outcome":"success","email":"admin@amigoocuto.com","timestamp":"2025-11-18T02:38:03.673Z"}
{"subject":"admin","outcome":"success","email":"admin@amigoocuto.com","timestamp":"2025-11-18T02:38:03.676Z"}
{"subject":"admin","outcome":"success","email":"admin@amigoocuto.com","timestamp":"2025-11-18T02:40:03.378Z"}
{"subject":"admin","outcome":"success","email":"admin@amigoocuto.com","timestamp":"2025-11-18T02:40:03.384Z"}
{"subject":"admin","outcome":"success","email":"admin@amigoocuto.com","timestamp":"2025-11-18T02:40:03.386Z"}
{"subject":"admin","outcome":"success","email":"admin@amigoocuto.com","timestamp":"2025-11-18T02:40:03.430Z"}
{"subject":"admin","outcome":"success","email":"admin@amigoocuto.com","timestamp":"2025-11-18T02:40:03.432Z"}
{"subject":"admin","outcome":"success","email":"admin@amigoocuto.com","timestamp":"2025-11-18T02:40:03.434Z"}
{"subject":"admin","outcome":"success","email":"admin@amigoocuto.com","timestamp":"2025-11-18T02:40:03.442Z"}
{"subject":"admin","outcome":"success","email":"admin@amigoocuto.com","timestamp":"2025-11-18T02:40:03.445Z"}
{"subject":"admin","outcome":"success","email":"admin@amigoocuto.com","timestamp":"2025-11-18T02:40:03.447Z"}
{"subject":"admin","outcome":"success","email":"admin@amigoocuto.com","timestamp":"2025-11-18T02:48:02.984Z"}
{"subject":"admin","outcome":"success","email":"admin@amigoocuto.com","timestamp":"2025-11-18T02:48:02.986Z"}
{"subject":"admin","outcome":"success","email":"admin@amigoocuto.com","timestamp":"2025-11-18T02:48:02.988Z"}
{"subject":"admin","outcome":"success","email":"admin@amigoocuto.com","timestamp":"2025-11-18T02:48:02.999Z"}
{"subject":"admin","outcome":"success","email":"admin@amigoocuto.com","timestamp":"2025-11-18T02:48:03.002Z"}
{"subject":"admin","outcome":"success","email":"admin@amigoocuto.com","timestamp":"2025-11-18T02:48:03.004Z"}
{"subject":"admin","outcome":"success","email":"admin@amigoocuto.com","timestamp":"2025-11-18T02:48:03.013Z"}
{"subject":"admin","outcome":"success","email":"admin@amigoocuto.com","timestamp":"2025-11-18T02:48:03.015Z"}
{"subject":"admin","outcome":"success","email":"admin@amigoocuto.com","timestamp":"2025-11-18T02:48:03.017Z"}
{"subject":"admin","outcome":"success","email":"admin@amigoocuto.com","timestamp":"2025-11-18T02:51:34.511Z"}
{"subject":"admin","outcome":"success","email":"admin@amigoocuto.com","timestamp":"2025-11-18T02:51:34.514Z"}
{"subject":"admin","outcome":"success","email":"admin@amigoocuto.com","timestamp":"2025-11-18T02:51:34.515Z"}
{"subject":"admin","outcome":"success","email":"admin@amigoocuto.com","timestamp":"2025-11-18T02:51:34.519Z"}
{"subject":"admin","outcome":"success","email":"admin@amigoocuto.com","timestamp":"2025-11-18T02:51:34.521Z"}
{"subject":"admin","outcome":"success","email":"admin@amigoocuto.com","timestamp":"2025-11-18T02:51:34.525Z"}
{"subject":"admin","outcome":"success","email":"admin@amigoocuto.com","timestamp":"2025-11-18T02:51:34.527Z"}
{"subject":"admin","outcome":"success","email":"admin@amigoocuto.com","timestamp":"2025-11-18T02:51:34.533Z"}
{"subject":"admin","outcome":"success","email":"admin@amigoocuto.com","timestamp":"2025-11-18T02:51:34.536Z"}
{"subject":"admin","outcome":"success","email":"admin@amigoocuto.com","timestamp":"2025-11-18T02:54:46.954Z"}
{"subject":"admin","outcome":"success","email":"admin@amigoocuto.com","timestamp":"2025-11-18T02:54:46.955Z"}
{"subject":"admin","outcome":"success","email":"admin@amigoocuto.com","timestamp":"2025-11-18T02:54:46.959Z"}
{"subject":"admin","outcome":"success","email":"admin@amigoocuto.com","timestamp":"2025-11-18T02:54:47.003Z"}
{"subject":"admin","outcome":"success","email":"admin@amigoocuto.com","timestamp":"2025-11-18T02:54:47.006Z"}
{"subject":"admin","outcome":"success","email":"admin@amigoocuto.com","timestamp":"2025-11-18T02:54:47.007Z"}
{"subject":"admin","outcome":"success","email":"admin@amigoocuto.com","timestamp":"2025-11-18T02:54:47.018Z"}
{"subject":"admin","outcome":"success","email":"admin@amigoocuto.com","timestamp":"2025-11-18T02:54:47.021Z"}
{"subject":"admin","outcome":"success","email":"admin@amigoocuto.com","timestamp":"2025-11-18T02:54:47.022Z"}
